DEBUG:root:Resource path: C:\users\hedgehog\Temp\_MEI15602\language_preference.txt
DEBUG:root:Resource path: C:\users\hedgehog\Temp\_MEI15602\language_preference.txt
DEBUG:root:Resource path: C:\users\hedgehog\Temp\_MEI15602\language_preference.txt
DEBUG:pytube.helpers:matched regex search: (?:v=|\/)([0-9A-Za-z_-]{11}).*
DEBUG:urllib3.connectionpool:Starting new HTTPS connection (1): i.ytimg.com:443
DEBUG:urllib3.connectionpool:https://i.ytimg.com:443 "GET /vi/w15oWDh02K4/hqdefault.jpg?sqp=-oaymwEWCMACELQBIAQqCghQEJADGFogjgJIWg&rs=AOn4CLC96SOSsyJI3oFpyI7mv5he8bgjsg HTTP/1.1" 200 11127
DEBUG:pytube.extract:applying descrambler
DEBUG:pytube.extract:finding initial function name
DEBUG:pytube.extract:Pattern failed: ytplayer\.config\s*=\s*
DEBUG:pytube.extract:Could not parse object.
DEBUG:pytube.extract:finished regex search, matched: (/s/player/[\w\d]+/[\w\d_/.]+/base\.js)
DEBUG:pytube.cipher:finding initial function name
DEBUG:pytube.cipher:finished regex search, matched: (?P<sig>[a-zA-Z0-9$]+)\s*=\s*function\(\s*a\s*\)\s*{\s*a\s*=\s*a\.split\(\s*""\s*\)
DEBUG:pytube.cipher:getting transform plan
DEBUG:pytube.helpers:matched regex search: zPa=function\(\w\){[a-z=\.\(\"\)]*;(.*);(?:.+)}
DEBUG:pytube.cipher:getting transform object
DEBUG:pytube.cipher:Finding throttling function name
DEBUG:pytube.cipher:finished regex search, matched: a\.[a-zA-Z]\s*&&\s*\([a-z]\s*=\s*a\.get\("n"\)\)\s*&&\s*\([a-z]\s*=\s*([a-zA-Z0-9$]+)(\[\d+\])?\([a-z]\)
DEBUG:pytube.cipher:Finding throttling function name
DEBUG:pytube.cipher:finished regex search, matched: a\.[a-zA-Z]\s*&&\s*\([a-z]\s*=\s*a\.get\("n"\)\)\s*&&\s*\([a-z]\s*=\s*([a-zA-Z0-9$]+)(\[\d+\])?\([a-z]\)
DEBUG:pytube.extract:signature found, skip decipher
DEBUG:pytube.extract:signature found, skip decipher
DEBUG:pytube.extract:signature found, skip decipher
DEBUG:pytube.extract:signature found, skip decipher
DEBUG:pytube.extract:signature found, skip decipher
DEBUG:pytube.extract:signature found, skip decipher
DEBUG:pytube.extract:signature found, skip decipher
DEBUG:pytube.extract:signature found, skip decipher
DEBUG:pytube.extract:signature found, skip decipher
DEBUG:pytube.extract:signature found, skip decipher
DEBUG:pytube.streams:downloading (1480083 total bytes) file to Z:/home/hedgehog/Downloads\Lamour Toujours.mp4
DEBUG:pytube.streams:download remaining: 0
DEBUG:pytube.streams:download finished
DEBUG:pytube.streams:downloading (1480083 total bytes) file to Z:/home/hedgehog/Downloads\Lamour Toujours.mp4
DEBUG:pytube.streams:download remaining: 0
DEBUG:pytube.streams:download finished
